\BOOKMARK [0][-]{chapter.1}{\376\377\0001\000\040\000C\000P\000r\000o\000p}{}% 1
\BOOKMARK [0][-]{chapter.2}{\376\377\0002\000\040\000C\000l\000a\000s\000s\000\040\000I\000n\000d\000e\000x}{}% 2
\BOOKMARK [1][-]{section.2.1}{\376\377\0002\000.\0001\000\040\000C\000l\000a\000s\000s\000\040\000L\000i\000s\000t}{chapter.2}% 3
\BOOKMARK [0][-]{chapter.3}{\376\377\0003\000\040\000F\000i\000l\000e\000\040\000I\000n\000d\000e\000x}{}% 4
\BOOKMARK [1][-]{section.3.1}{\376\377\0003\000.\0001\000\040\000F\000i\000l\000e\000\040\000L\000i\000s\000t}{chapter.3}% 5
\BOOKMARK [0][-]{chapter.4}{\376\377\0004\000\040\000C\000l\000a\000s\000s\000\040\000D\000o\000c\000u\000m\000e\000n\000t\000a\000t\000i\000o\000n}{}% 6
\BOOKMARK [1][-]{section.4.1}{\376\377\0004\000.\0001\000\040\000p\000r\000o\000p\000i\000n\000f\000o\000\040\000S\000t\000r\000u\000c\000t\000\040\000R\000e\000f\000e\000r\000e\000n\000c\000e}{chapter.4}% 7
\BOOKMARK [2][-]{subsection.4.1.1}{\376\377\0004\000.\0001\000.\0001\000\040\000D\000e\000t\000a\000i\000l\000e\000d\000\040\000D\000e\000s\000c\000r\000i\000p\000t\000i\000o\000n}{section.4.1}% 8
\BOOKMARK [2][-]{subsection.4.1.2}{\376\377\0004\000.\0001\000.\0002\000\040\000M\000e\000m\000b\000e\000r\000\040\000D\000a\000t\000a\000\040\000D\000o\000c\000u\000m\000e\000n\000t\000a\000t\000i\000o\000n}{section.4.1}% 9
\BOOKMARK [3][-]{subsubsection.4.1.2.1}{\376\377\0004\000.\0001\000.\0002\000.\0001\000\040\000a\000n\000g\000v\000e\000l\000o\000c\000i\000t\000y}{subsection.4.1.2}% 10
\BOOKMARK [3][-]{subsubsection.4.1.2.2}{\376\377\0004\000.\0001\000.\0002\000.\0002\000\040\000b\000l\000a\000d\000e\000s}{subsection.4.1.2}% 11
\BOOKMARK [3][-]{subsubsection.4.1.2.3}{\376\377\0004\000.\0001\000.\0002\000.\0003\000\040\000c\000r\000u\000i\000s\000e\000s\000p\000e\000e\000d}{subsection.4.1.2}% 12
\BOOKMARK [3][-]{subsubsection.4.1.2.4}{\376\377\0004\000.\0001\000.\0002\000.\0004\000\040\000H\000U\000B\000F\000L\000A\000G}{subsection.4.1.2}% 13
\BOOKMARK [3][-]{subsubsection.4.1.2.5}{\376\377\0004\000.\0001\000.\0002\000.\0005\000\040\000h\000u\000b\000r\000a\000d\000i\000u\000s}{subsection.4.1.2}% 14
\BOOKMARK [3][-]{subsubsection.4.1.2.6}{\376\377\0004\000.\0001\000.\0002\000.\0006\000\040\000p\000a\000n\000e\000l\000s}{subsection.4.1.2}% 15
\BOOKMARK [3][-]{subsubsection.4.1.2.7}{\376\377\0004\000.\0001\000.\0002\000.\0007\000\040\000r\000a\000d\000i\000u\000s}{subsection.4.1.2}% 16
\BOOKMARK [3][-]{subsubsection.4.1.2.8}{\376\377\0004\000.\0001\000.\0002\000.\0008\000\040\000t\000h\000r\000u\000s\000t}{subsection.4.1.2}% 17
\BOOKMARK [3][-]{subsubsection.4.1.2.9}{\376\377\0004\000.\0001\000.\0002\000.\0009\000\040\000w\000a\000t\000e\000r\000d\000e\000n\000s\000i\000t\000y}{subsection.4.1.2}% 18
\BOOKMARK [1][-]{section.4.2}{\376\377\0004\000.\0002\000\040\000t\000h\000r\000e\000e\000t\000u\000p\000l\000e\000\040\000S\000t\000r\000u\000c\000t\000\040\000R\000e\000f\000e\000r\000e\000n\000c\000e}{chapter.4}% 19
\BOOKMARK [1][-]{section.4.3}{\376\377\0004\000.\0003\000\040\000X\000f\000o\000i\000l\000I\000n\000t\000e\000r\000f\000a\000c\000e\000\040\000C\000l\000a\000s\000s\000\040\000R\000e\000f\000e\000r\000e\000n\000c\000e}{chapter.4}% 20
\BOOKMARK [2][-]{subsection.4.3.1}{\376\377\0004\000.\0003\000.\0001\000\040\000D\000e\000t\000a\000i\000l\000e\000d\000\040\000D\000e\000s\000c\000r\000i\000p\000t\000i\000o\000n}{section.4.3}% 21
\BOOKMARK [2][-]{subsection.4.3.2}{\376\377\0004\000.\0003\000.\0002\000\040\000M\000e\000m\000b\000e\000r\000\040\000F\000u\000n\000c\000t\000i\000o\000n\000\040\000D\000o\000c\000u\000m\000e\000n\000t\000a\000t\000i\000o\000n}{section.4.3}% 22
\BOOKMARK [3][-]{subsubsection.4.3.2.1}{\376\377\0004\000.\0003\000.\0002\000.\0001\000\040\000a\000n\000g\000l\000e\000O\000f\000A\000t\000t\000a\000c\000k\000\050\000d\000o\000u\000b\000l\000e\000\040\000a\000n\000g\000l\000e\000\051}{subsection.4.3.2}% 23
\BOOKMARK [3][-]{subsubsection.4.3.2.2}{\376\377\0004\000.\0003\000.\0002\000.\0002\000\040\000l\000o\000a\000d\000F\000o\000i\000l\000F\000i\000l\000e\000\050\000c\000h\000a\000r\000\040\000f\000p\000a\000t\000h\000[\000]\000,\000\040\000c\000h\000a\000r\000\040\000f\000o\000i\000l\000n\000a\000m\000e\000[\000]\000\051}{subsection.4.3.2}% 24
\BOOKMARK [3][-]{subsubsection.4.3.2.3}{\376\377\0004\000.\0003\000.\0002\000.\0003\000\040\000N\000A\000C\000A\000\050\000i\000n\000t\000\040\000c\000o\000d\000e\000\051}{subsection.4.3.2}% 25
\BOOKMARK [3][-]{subsubsection.4.3.2.4}{\376\377\0004\000.\0003\000.\0002\000.\0004\000\040\000s\000e\000t\000V\000i\000s\000c\000o\000s\000i\000t\000y\000\050\000i\000n\000t\000\040\000R\000e\000\051}{subsection.4.3.2}% 26
\BOOKMARK [3][-]{subsubsection.4.3.2.5}{\376\377\0004\000.\0003\000.\0002\000.\0005\000\040\000s\000t\000a\000r\000t\000\050\000\051}{subsection.4.3.2}% 27
\BOOKMARK [0][-]{chapter.5}{\376\377\0005\000\040\000F\000i\000l\000e\000\040\000D\000o\000c\000u\000m\000e\000n\000t\000a\000t\000i\000o\000n}{}% 28
\BOOKMARK [1][-]{section.5.1}{\376\377\0005\000.\0001\000\040\000/\000m\000n\000t\000/\000c\000/\000U\000s\000e\000r\000s\000/\000J\000e\000s\000s\000e\000/\000D\000r\000o\000p\000b\000o\000x\000/\000G\000i\000t\000/\000C\000P\000r\000o\000p\000/\000l\000i\000b\000s\000/\000h\000e\000a\000d\000e\000r\000s\000/\000i\000n\000d\000u\000c\000e\000d\000v\000e\000l\000o\000c\000i\000t\000i\000e\000s\000.\000h\000\040\000F\000i\000l\000e\000\040\000R\000e\000f\000e\000r\000e\000n\000c\000e}{chapter.5}% 29
\BOOKMARK [2][-]{subsection.5.1.1}{\376\377\0005\000.\0001\000.\0001\000\040\000D\000e\000t\000a\000i\000l\000e\000d\000\040\000D\000e\000s\000c\000r\000i\000p\000t\000i\000o\000n}{section.5.1}% 30
\BOOKMARK [2][-]{subsection.5.1.2}{\376\377\0005\000.\0001\000.\0002\000\040\000F\000u\000n\000c\000t\000i\000o\000n\000\040\000D\000o\000c\000u\000m\000e\000n\000t\000a\000t\000i\000o\000n}{section.5.1}% 31
\BOOKMARK [3][-]{subsubsection.5.1.2.1}{\376\377\0005\000.\0001\000.\0002\000.\0001\000\040\000a\000s\000y\000m\000p\000f\000\050\000d\000o\000u\000b\000l\000e\000\040\000y\000,\000\040\000d\000o\000u\000b\000l\000e\000\040\000y\0000\000,\000\040\000d\000o\000u\000b\000l\000e\000\040\000U\000,\000\040\000i\000n\000t\000\040\000a\000,\000\040\000i\000n\000t\000\040\000Z\000\051}{subsection.5.1.2}% 32
\BOOKMARK [3][-]{subsubsection.5.1.2.2}{\376\377\0005\000.\0001\000.\0002\000.\0002\000\040\000a\000s\000y\000m\000p\000F\0001\000\050\000d\000o\000u\000b\000l\000e\000\040\000r\000c\000,\000\040\000d\000o\000u\000b\000l\000e\000\040\000r\000v\000,\000\040\000d\000o\000u\000b\000l\000e\000\040\000b\000e\000t\000a\000,\000\040\000i\000n\000t\000\040\000Z\000\051}{subsection.5.1.2}% 33
\BOOKMARK [3][-]{subsubsection.5.1.2.3}{\376\377\0005\000.\0001\000.\0002\000.\0003\000\040\000a\000s\000y\000m\000p\000F\0002\000\050\000d\000o\000u\000b\000l\000e\000\040\000r\000c\000,\000\040\000d\000o\000u\000b\000l\000e\000\040\000r\000v\000,\000\040\000d\000o\000u\000b\000l\000e\000\040\000b\000e\000t\000a\000,\000\040\000i\000n\000t\000\040\000Z\000\051}{subsection.5.1.2}% 34
\BOOKMARK [3][-]{subsubsection.5.1.2.4}{\376\377\0005\000.\0001\000.\0002\000.\0004\000\040\000a\000x\000i\000a\000l\000V\000e\000l\000o\000c\000i\000t\000y\000\050\000d\000o\000u\000b\000l\000e\000\040\000r\000c\000,\000\040\000d\000o\000u\000b\000l\000e\000\040\000r\000v\000,\000\040\000d\000o\000u\000b\000l\000e\000\040\000b\000e\000t\000a\000,\000\040\000i\000n\000t\000\040\000Z\000\051}{subsection.5.1.2}% 35
\BOOKMARK [3][-]{subsubsection.5.1.2.5}{\376\377\0005\000.\0001\000.\0002\000.\0005\000\040\000a\000x\000i\000a\000l\000V\000e\000l\000o\000c\000i\000t\000y\000S\000t\000a\000r\000\050\000i\000n\000t\000\040\000m\000,\000\040\000i\000n\000t\000\040\000p\000,\000\040\000d\000o\000u\000b\000l\000e\000\040\000*\000r\000c\000,\000\040\000d\000o\000u\000b\000l\000e\000\040\000*\000r\000v\000,\000\040\000d\000o\000u\000b\000l\000e\000\040\000*\000b\000e\000t\000a\000,\000\040\000i\000n\000t\000\040\000Z\000,\000\040\000d\000o\000u\000b\000l\000e\000\040\000r\000h\000,\000\040\000i\000n\000t\000\040\000H\000U\000B\000F\000L\000A\000G\000\051}{subsection.5.1.2}% 36
\BOOKMARK [3][-]{subsubsection.5.1.2.6}{\376\377\0005\000.\0001\000.\0002\000.\0006\000\040\000t\000a\000n\000g\000e\000n\000t\000i\000a\000l\000V\000e\000l\000o\000c\000i\000t\000y\000\050\000d\000o\000u\000b\000l\000e\000\040\000r\000c\000,\000\040\000d\000o\000u\000b\000l\000e\000\040\000r\000v\000,\000\040\000d\000o\000u\000b\000l\000e\000\040\000b\000e\000t\000a\000,\000\040\000i\000n\000t\000\040\000Z\000\051}{subsection.5.1.2}% 37
\BOOKMARK [3][-]{subsubsection.5.1.2.7}{\376\377\0005\000.\0001\000.\0002\000.\0007\000\040\000t\000a\000n\000g\000e\000n\000t\000i\000a\000l\000V\000e\000l\000o\000c\000i\000t\000y\000S\000t\000a\000r\000\050\000i\000n\000t\000\040\000m\000,\000\040\000i\000n\000t\000\040\000p\000,\000\040\000d\000o\000u\000b\000l\000e\000\040\000*\000r\000c\000,\000\040\000d\000o\000u\000b\000l\000e\000\040\000*\000r\000v\000,\000\040\000d\000o\000u\000b\000l\000e\000\040\000*\000b\000e\000t\000a\000,\000\040\000i\000n\000t\000\040\000Z\000,\000\040\000d\000o\000u\000b\000l\000e\000\040\000r\000h\000,\000\040\000i\000n\000t\000\040\000H\000U\000B\000F\000L\000A\000G\000\051}{subsection.5.1.2}% 38
\BOOKMARK [3][-]{subsubsection.5.1.2.8}{\376\377\0005\000.\0001\000.\0002\000.\0008\000\040\000t\000r\000a\000n\000s\000f\000o\000r\000m\000V\000a\000r\000s\000\050\000d\000o\000u\000b\000l\000e\000\040\000r\000c\000,\000\040\000d\000o\000u\000b\000l\000e\000\040\000r\000v\000,\000\040\000d\000o\000u\000b\000l\000e\000\040\000b\000e\000t\000a\000,\000\040\000i\000n\000t\000\040\000Z\000\051}{subsection.5.1.2}% 39
\BOOKMARK [1][-]{section.5.2}{\376\377\0005\000.\0002\000\040\000/\000m\000n\000t\000/\000c\000/\000U\000s\000e\000r\000s\000/\000J\000e\000s\000s\000e\000/\000D\000r\000o\000p\000b\000o\000x\000/\000G\000i\000t\000/\000C\000P\000r\000o\000p\000/\000l\000i\000b\000s\000/\000h\000e\000a\000d\000e\000r\000s\000/\000m\000a\000t\000r\000i\000x\000s\000o\000l\000v\000e\000r\000.\000h\000\040\000F\000i\000l\000e\000\040\000R\000e\000f\000e\000r\000e\000n\000c\000e}{chapter.5}% 40
\BOOKMARK [1][-]{section.5.3}{\376\377\0005\000.\0003\000\040\000/\000m\000n\000t\000/\000c\000/\000U\000s\000e\000r\000s\000/\000J\000e\000s\000s\000e\000/\000D\000r\000o\000p\000b\000o\000x\000/\000G\000i\000t\000/\000C\000P\000r\000o\000p\000/\000l\000i\000b\000s\000/\000h\000e\000a\000d\000e\000r\000s\000/\000x\000f\000o\000i\000l\000i\000n\000t\000e\000r\000f\000a\000c\000e\000.\000h\000\040\000F\000i\000l\000e\000\040\000R\000e\000f\000e\000r\000e\000n\000c\000e}{chapter.5}% 41
\BOOKMARK [2][-]{subsection.5.3.1}{\376\377\0005\000.\0003\000.\0001\000\040\000D\000e\000t\000a\000i\000l\000e\000d\000\040\000D\000e\000s\000c\000r\000i\000p\000t\000i\000o\000n}{section.5.3}% 42
\BOOKMARK [0][-]{section*.8}{\376\377\000I\000n\000d\000e\000x}{}% 43
